*** 2018-12-26 12:55:27,867 - code.resnet_fastai - DEBUG ***
Start a new training task
******

*** 2018-12-26 12:55:27,867 - code.resnet_fastai - INFO ***
Device ID: 0
Image size: 512
Network architecture: resnet
Loss function: bce
Sampler: random
Encoder depth: 50
Dropout: 0.5
Threshold: 0.1
Stage 1 #epoch: 3
Stage 2 #epoch: 15
Learning rate #1: 0.01
Batch size: 32
Dataset: official_hpav18
Dataset directory: data/hpav18
Output directory: output
******

*** 2018-12-26 12:55:27,868 - code.resnet_fastai - INFO ***
Offical stats: ([0.07986162506177984, 0.05217604947235713, 0.054227752481757215, 0.08201468927464939], [0.1403192215484648, 0.1041239635111223, 0.1532386688507187, 0.14099509309392533])
******

*** 2018-12-26 12:55:27,868 - code.resnet_fastai - INFO ***
HPAv18 stats: ([0.036928985010341434, 0.04130028252512823, 0.0075938375457115116, 0.0937920384196862], [0.05419148261744557, 0.07329545732546368, 0.020430581830732493, 0.1444940434697745])
******

*** 2018-12-26 12:55:27,928 - code.resnet_fastai - DEBUG ***
# Test ids: 11702
******

*** 2018-12-26 12:55:28,786 - code.resnet_fastai - DEBUG ***
LabelList
y: MultiCategoryList (82008 items)
[MultiCategory 16;0, MultiCategory 7;1;2;0, MultiCategory 5, MultiCategory 1, MultiCategory 18]...
Path: data/hpav18
x: ImageItemList (82008 items)
[Image (4, 512, 512), Image (4, 512, 512), Image (4, 512, 512), Image (4, 512, 512), Image (4, 512, 512)]...
Path: data/hpav18
******

*** 2018-12-26 12:55:29,006 - code.resnet_fastai - DEBUG ***
LabelList
y: MultiCategoryList (20501 items)
[MultiCategory 25;0, MultiCategory 7, MultiCategory 25;0, MultiCategory 2, MultiCategory 25;0]...
Path: data/hpav18
x: ImageItemList (20501 items)
[Image (4, 512, 512), Image (4, 512, 512), Image (4, 512, 512), Image (4, 512, 512), Image (4, 512, 512)]...
Path: data/hpav18
******

*** 2018-12-26 12:55:31,616 - code.resnet_fastai - DEBUG ***
Databunch created
******

*** 2018-12-26 12:55:31,616 - code.resnet_fastai - INFO ***
Initialising model.
******

*** 2018-12-26 12:55:36,149 - code.resnet_fastai - INFO ***
Complete initialising model.
******

*** 2018-12-26 12:55:36,149 - code.resnet_fastai - INFO ***
Start model fitting: Stage 1
******

epoch     train_loss  valid_loss  fbeta   
1         0.122244    0.118904    0.585722  
2         0.114083    0.181759    0.610042  
*** 2018-12-26 14:22:56,423 - code.resnet_fastai - INFO ***
Complete model fitting Stage 1.
******

*** 2018-12-26 14:22:56,637 - code.resnet_fastai - INFO ***
Model saved.
******

*** 2018-12-26 14:22:56,641 - code.resnet_fastai - INFO ***
Start model fitting: Stage 2
******

Traceback (most recent call last):
  File "/usr/lib/python3.6/runpy.py", line 193, in _run_module_as_main
    "__main__", mod_spec)
  File "/usr/lib/python3.6/runpy.py", line 85, in _run_code
    exec(code, run_globals)
  File "/home/ubuntu/atlas/code/resnet_fastai.py", line 388, in <module>
    learn = _prep_model(data, index)
  File "/home/ubuntu/atlas/code/resnet_fastai.py", line 347, in _fit_model
    # learn.recorder.plot()
NameError: name 'e' is not defined
3         0.109020    0.113396    0.645197  
