*** 2019-01-05 11:39:36,876 - code.resnet_fastai - DEBUG ***
Start a new training task
******

*** 2019-01-05 11:39:36,876 - code.resnet_fastai - INFO ***
Device ID: 0
Image size: 512
Network architecture: resnet
Loss function: bce
Sampler: random
Encoder depth: 50
Dropout: 0.5
Threshold: 0.1
Stage 1 #epoch: 3
Stage 2 #epoch: 0
Learning rate #1: 0.005
Batch size: 8
Dataset: official_hpav18
Dataset directory: data/hpav18
Output directory: output
******

*** 2019-01-05 11:39:36,876 - code.resnet_fastai - INFO ***
official_hpav18 stats: ([0.08035214900985806, 0.052662718446443796, 0.054821162479790554, 0.08270705238092081], [0.1441818831316468, 0.10766732147991964, 0.15509390386065397, 0.1447311870215956])
******

*** 2019-01-05 11:39:36,876 - code.resnet_fastai - INFO ***
official stats: ([0.08035214900985806, 0.052662718446443796, 0.054821162479790554, 0.08270705238092081], [0.1441818831316468, 0.10766732147991964, 0.15509390386065397, 0.1447311870215956])
******

*** 2019-01-05 11:39:36,876 - code.resnet_fastai - INFO ***
hpav18 stats: ([0.11810116173772936, 0.06795416990341785, 0.06612933906943513, 0.08437984839655913], [0.17499094128737935, 0.12197690061419421, 0.17568283970650891, 0.11266782268834614])
******

*** 2019-01-05 11:39:36,910 - code.resnet_fastai - DEBUG ***
# Test ids: 11702
******

*** 2019-01-05 11:39:36,976 - code.resnet_fastai - DEBUG ***
official train size: (31072, 2)
******

*** 2019-01-05 11:39:37,000 - code.resnet_fastai - DEBUG ***
hpav18 train size: (71437, 2)
******

*** 2019-01-05 11:39:37,000 - code.resnet_fastai - DEBUG ***
empty size (0, 2)
******

*** 2019-01-05 11:39:37,569 - code.resnet_fastai - DEBUG ***
hpav18 rare size: (7404, 2)
******

*** 2019-01-05 11:39:37,570 - code.resnet_fastai - DEBUG ***
concat size: (38476, 2)
******

*** 2019-01-05 11:39:38,231 - code.resnet_fastai - DEBUG ***
oversample train size: (45767, 2)
******

*** 2019-01-05 11:39:42,154 - code.resnet_fastai - DEBUG ***
Start of fold 0
******

*** 2019-01-05 11:39:42,154 - code.resnet_fastai - DEBUG ***
Size of valid set: 9180
******

*** 2019-01-05 11:39:42,319 - code.resnet_fastai - DEBUG ***
LabelList
y: MultiCategoryList (36587 items)
[MultiCategory 16;0, MultiCategory 7;1;2;0, MultiCategory 5, MultiCategory 1, MultiCategory 18]...
Path: data/hpav18
x: ImageItemList (36587 items)
[Image (4, 512, 512), Image (4, 512, 512), Image (4, 512, 512), Image (4, 512, 512), Image (4, 512, 512)]...
Path: data/hpav18
******

*** 2019-01-05 11:39:42,400 - code.resnet_fastai - DEBUG ***
LabelList
y: MultiCategoryList (9180 items)
[MultiCategory 7, MultiCategory 24;0, MultiCategory 25, MultiCategory 0, MultiCategory 11]...
Path: data/hpav18
x: ImageItemList (9180 items)
[Image (4, 512, 512), Image (4, 512, 512), Image (4, 512, 512), Image (4, 512, 512), Image (4, 512, 512)]...
Path: data/hpav18
******

*** 2019-01-05 11:39:42,771 - code.resnet_fastai - DEBUG ***
Databunch created
******

*** 2019-01-05 11:39:42,771 - code.resnet_fastai - INFO ***
Initialising model.
******

*** 2019-01-05 11:39:43,390 - code.resnet_fastai - INFO ***
Complete initialising model.
******

*** 2019-01-05 11:39:43,390 - code.resnet_fastai - INFO ***
No pretrained model.
******

*** 2019-01-05 11:39:43,391 - code.resnet_fastai - DEBUG ***
LR: 0.005
******

[0.0005 0.0005 0.005 ]
epoch     train_loss  valid_loss  fbeta   
1         0.156751    0.142231    0.541742  
2         0.148720    0.130480    0.607047  
*** 2019-01-05 12:28:58,568 - code.resnet_fastai - INFO ***
Complete model fitting: Stage 1
******

*** 2019-01-05 12:28:58,688 - code.resnet_fastai - INFO ***
Stage 1 model saved.
******

*** 2019-01-05 12:28:58,688 - code.resnet_fastai - INFO ***
Start predicting test set
******

3         0.132936    0.139629    0.629597  
*** 2019-01-05 12:31:11,159 - code.resnet_fastai - INFO ***
Complete test prediction.
******

*** 2019-01-05 12:31:11,160 - code.resnet_fastai - INFO ***
Prediction saved.
******

*** 2019-01-05 12:31:11,224 - code.resnet_fastai - INFO ***
Results written to output/resnet50-512-official_hpav18-bce-random-drop0.5-th0.1-bs8-lr0.005-ep3_0-0.csv. Finished! :)
******

*** 2019-01-05 12:31:11,227 - code.resnet_fastai - DEBUG ***
torch.Size([11702, 28])
******

