*** 2019-01-06 16:00:26,865 - libarchive.library - DEBUG ***
Using default library file-path: [libarchive.so]
******

*** 2019-01-06 16:00:26,865 - libarchive.library - DEBUG ***
Using library file-path: [libarchive.so]
******

*** 2019-01-06 16:00:26,871 - code.resnet_fastai - DEBUG ***
Start a new training task
******

*** 2019-01-06 16:00:26,871 - code.resnet_fastai - INFO ***
Device ID: 0
Image size: 1024
Network architecture: resnet
Loss function: bce
Sampler: random
Encoder depth: 50
Dropout: 0.5
Threshold: 0.1
Stage 1 #epoch: 3
Stage 2 #epoch: 0
Learning rate #1: 0.0015
Batch size: 4
Dataset: official
Dataset directory: data/official
Output directory: output
******

*** 2019-01-06 16:00:26,872 - code.resnet_fastai - INFO ***
official stats: ([0.08189356, 0.05396166, 0.05511782, 0.08419169], [0.14915188, 0.11160865, 0.15677137, 0.148862])
******

*** 2019-01-06 16:00:26,872 - code.resnet_fastai - INFO ***
official stats: ([0.08189356, 0.05396166, 0.05511782, 0.08419169], [0.14915188, 0.11160865, 0.15677137, 0.148862])
******

*** 2019-01-06 16:00:26,872 - code.resnet_fastai - INFO ***
hpav18 stats: ([0.11810116173772936, 0.06795416990341785, 0.06612933906943513, 0.08437984839655913], [0.17499094128737935, 0.12197690061419421, 0.17568283970650891, 0.11266782268834614])
******

*** 2019-01-06 16:00:26,906 - code.resnet_fastai - DEBUG ***
# Test ids: 11702
******

*** 2019-01-06 16:00:26,966 - code.resnet_fastai - DEBUG ***
official train size: (31072, 2)
******

*** 2019-01-06 16:00:27,496 - code.resnet_fastai - DEBUG ***
oversample train size: (33409, 2)
******

*** 2019-01-06 16:00:29,875 - code.resnet_fastai - DEBUG ***
Start of fold 0
******

*** 2019-01-06 16:00:29,875 - code.resnet_fastai - DEBUG ***
Size of valid set: 6684
******

*** 2019-01-06 16:00:29,984 - code.resnet_fastai - DEBUG ***
LabelList
y: MultiCategoryList (26725 items)
[MultiCategory 16;0, MultiCategory 1, MultiCategory 18, MultiCategory 0, MultiCategory 25;2]...
Path: data/official
x: ImageItemList (26725 items)
[Image (4, 1024, 1024), Image (4, 1024, 1024), Image (4, 1024, 1024), Image (4, 1024, 1024), Image (4, 1024, 1024)]...
Path: data/official
******

*** 2019-01-06 16:00:30,314 - code.resnet_fastai - DEBUG ***
LabelList
y: MultiCategoryList (6684 items)
[MultiCategory 7;1;2;0, MultiCategory 5, MultiCategory 7, MultiCategory 21, MultiCategory 24;0]...
Path: data/official
x: ImageItemList (6684 items)
[Image (4, 1024, 1024), Image (4, 1024, 1024), Image (4, 1024, 1024), Image (4, 1024, 1024), Image (4, 1024, 1024)]...
Path: data/official
******

*** 2019-01-06 16:00:31,114 - code.resnet_fastai - DEBUG ***
Databunch created
******

*** 2019-01-06 16:00:31,114 - code.resnet_fastai - INFO ***
Initialising model.
******

*** 2019-01-06 16:00:31,555 - code.resnet_fastai - INFO ***
Complete initialising model.
******

*** 2019-01-06 16:00:31,561 - code.resnet_fastai - INFO ***
Use half precision float.
******

*** 2019-01-06 16:00:31,561 - code.resnet_fastai - INFO ***
No pretrained model.
******

*** 2019-01-06 16:00:31,561 - code.resnet_fastai - DEBUG ***
LR: 0.0015
******

[0.00015 0.00015 0.0015 ]
epoch     train_loss  valid_loss  fbeta   
1         0.159789    0.138630    0.490842  
2         0.142151    0.118621    0.582491  
*** 2019-01-06 17:49:02,410 - code.resnet_fastai - INFO ***
Complete model fitting: Stage 1
******

*** 2019-01-06 17:49:02,471 - code.resnet_fastai - INFO ***
Stage 1 model saved.
******

*** 2019-01-06 17:49:02,471 - code.resnet_fastai - INFO ***
Start predicting test set
******

3         0.137054    0.114600    0.592784  
*** 2019-01-06 17:56:56,824 - code.resnet_fastai - INFO ***
Complete test prediction.
******

*** 2019-01-06 17:56:56,830 - code.resnet_fastai - INFO ***
Prediction saved.
******

*** 2019-01-06 17:56:56,925 - code.resnet_fastai - INFO ***
Results written to output/resnet50-1024-official-bce-random-drop0.5-th0.1-bs4-lr0.0015-ep3_0-0.csv. Finished! :)
******

*** 2019-01-06 17:56:56,928 - code.resnet_fastai - DEBUG ***
torch.Size([11702, 28])
******

