*** 2018-12-31 11:48:09,266 - code.resnet_fastai - DEBUG ***
Start a new training task
******

*** 2018-12-31 11:48:09,266 - code.resnet_fastai - INFO ***
Device ID: 0
Image size: 512
Network architecture: resnet
Loss function: bce
Sampler: weighted
Encoder depth: 50
Dropout: 0.5
Threshold: 0.1
Stage 1 #epoch: 0
Stage 2 #epoch: 25
Learning rate #1: 1e-05
Batch size: 32
Dataset: official
Dataset directory: data/official
Output directory: output
******

*** 2018-12-31 11:48:09,267 - code.resnet_fastai - INFO ***
official stats: ([0.08035214900985806, 0.052662718446443796, 0.054821162479790554, 0.08270705238092081], [0.1441818831316468, 0.10766732147991964, 0.15509390386065397, 0.1447311870215956])
******

*** 2018-12-31 11:48:09,267 - code.resnet_fastai - INFO ***
official stats: ([0.08035214900985806, 0.052662718446443796, 0.054821162479790554, 0.08270705238092081], [0.1441818831316468, 0.10766732147991964, 0.15509390386065397, 0.1447311870215956])
******

*** 2018-12-31 11:48:09,267 - code.resnet_fastai - INFO ***
hpav18 stats: ([0.11810116173772936, 0.06795416990341785, 0.06612933906943513, 0.08437984839655913], [0.17499094128737935, 0.12197690061419421, 0.17568283970650891, 0.11266782268834614])
******

*** 2018-12-31 11:48:09,329 - code.resnet_fastai - DEBUG ***
# Test ids: 11702
******

*** 2018-12-31 11:48:13,948 - code.resnet_fastai - DEBUG ***
Start of fold 0
******

*** 2018-12-31 11:48:13,948 - code.resnet_fastai - DEBUG ***
Size of valid set: 6209
******

*** 2018-12-31 11:48:14,136 - code.resnet_fastai - DEBUG ***
LabelList
y: MultiCategoryList (24863 items)
[MultiCategory 16;0, MultiCategory 1, MultiCategory 18, MultiCategory 0, MultiCategory 25;2]...
Path: data/official
x: ImageItemList (24863 items)
[Image (4, 512, 512), Image (4, 512, 512), Image (4, 512, 512), Image (4, 512, 512), Image (4, 512, 512)]...
Path: data/official
******

*** 2018-12-31 11:48:14,274 - code.resnet_fastai - DEBUG ***
LabelList
y: MultiCategoryList (6209 items)
[MultiCategory 7;1;2;0, MultiCategory 5, MultiCategory 21, MultiCategory 0, MultiCategory 25;4]...
Path: data/official
x: ImageItemList (6209 items)
[Image (4, 512, 512), Image (4, 512, 512), Image (4, 512, 512), Image (4, 512, 512), Image (4, 512, 512)]...
Path: data/official
******

*** 2018-12-31 11:48:16,454 - code.resnet_fastai - DEBUG ***
Databunch created
******

*** 2018-12-31 11:54:21,694 - code.resnet_fastai - DEBUG ***
Initialising WeightedRandomSampler with 24832 weights.
******

*** 2018-12-31 11:55:37,135 - code.resnet_fastai - DEBUG ***
Initialising WeightedRandomSampler with 6209 weights.
******

*** 2018-12-31 11:57:55,708 - code.resnet_fastai - DEBUG ***
Initialising WeightedRandomSampler with 11702 weights.
******

*** 2018-12-31 11:57:55,709 - code.resnet_fastai - DEBUG ***
Use weighted random sampler
******

*** 2018-12-31 11:57:55,709 - code.resnet_fastai - INFO ***
Initialising model.
******

*** 2018-12-31 11:57:56,593 - code.resnet_fastai - INFO ***
Complete initialising model.
******

*** 2018-12-31 11:57:56,593 - code.resnet_fastai - DEBUG ***
runname: resnet50-512-official-bce-weighted-drop0.5-th0.1-bs32-lr0-ep3_25
******

*** 2018-12-31 11:57:56,593 - code.resnet_fastai - INFO ***
Loading model: stage-2-resnet50-512-official-bce-weighted-drop0.5-th0.1-bs32-lr0-ep3_25, with suffix 0
******

*** 2018-12-31 11:57:56,749 - code.resnet_fastai - INFO ***
Finish loading model.
******

*** 2018-12-31 11:57:56,751 - code.resnet_fastai - DEBUG ***
Unfreezing model
******

*** 2018-12-31 11:57:56,751 - code.resnet_fastai - DEBUG ***
LR: 1e-05
******

[1.000000e-05 1.414214e-04 2.000000e-03]
epoch     train_loss  valid_loss  fbeta   
1         0.052807    0.067492    0.782265  
2         0.057247    0.069724    0.784574  
3         0.055418    0.105972    0.745971  
4         0.057766    0.470779    0.218811  
5         0.059777    0.530512    0.230279  
6         0.060537    0.515590    0.003409  
7         0.062940    0.496027    0.000000  
Epoch 7: reducing lr to 0.00039580433934089076
